#
# A fatal error has been detected by the Java Runtime Environment:
#
#  EXCEPTION_ACCESS_VIOLATION (0xc0000005) at pc=0x0000000069f267f1, pid=6864, tid=0x0000000000001a20
#
# JRE version: OpenJDK Runtime Environment (8.0_112-b06) (build 1.8.0_112-release-b06)
# Java VM: OpenJDK 64-Bit Server VM (25.112-b06 mixed mode windows-amd64 compressed oops)
# Problematic frame:
# V  [jvm.dll+0x4867f1]
#
# Failed to write core dump. Minidumps are not enabled by default on client versions of Windows
#
# If you would like to submit a bug report, please visit:
#   http://bugreport.java.com/bugreport/crash.jsp
#

---------------  T H R E A D  ---------------

Current thread (0x000000005654f800):  JavaThread "C2 CompilerThread1" daemon [_thread_in_native, id=6688, stack(0x0000000057f70000,0x0000000058070000)]

siginfo: ExceptionCode=0xc0000005, reading address 0x0000000000000000

Registers:
RAX=0x0000000000000000, RBX=0x0000000059689cc0, RCX=0x000000005806c210, RDX=0x0000000000002000
RSP=0x000000005806bc90, RBP=0x000000005b6bd568, RSI=0x0000000000000000, RDI=0x000000005806c230
R8 =0x00000000567b3d71, R9 =0x0000000000000000, R10=0xffffffffffffffff, R11=0x0000000000000008
R12=0x00000000567b3d70, R13=0x0000000000000001, R14=0x000000005ab15d58, R15=0x0000000000000020
RIP=0x0000000069f267f1, EFLAGS=0x0000000000010206

Top of Stack: (sp=0x000000005806bc90)
0x000000005806bc90:   000000005806bdd8 0000000069fa36d5
0x000000005806bca0:   000000005806c210 000000005806bdb8
0x000000005806bcb0:   000000005806bdd8 0000000069f2ab10
0x000000005806bcc0:   0000000000000056 000000005806c210
0x000000005806bcd0:   0000000000000089 0000000069f5d77a
0x000000005806bce0:   000000000000002c 000000005806be28
0x000000005806bcf0:   000000005ab15d58 000000005806c230
0x000000005806bd00:   000000005806c210 0000000069f2bc88
0x000000005806bd10:   0000000059588fc0 0000000000000100
0x000000005806bd20:   000000005806bdd8 000000005806bdb8
0x000000005806bd30:   0000000059689cc0 0000000055391090
0x000000005806bd40:   000000000000000c 0000000000000002
0x000000005806bd50:   00000000567b3de0 00000000588ba150
0x000000005806bd60:   0000000055391090 000000005806c210
0x000000005806bd70:   000000005806be80 0000000069f2dc1b
0x000000005806bd80:   000000005806c210 000000005806bdd8 

Instructions: (pc=0x0000000069f267f1)
0x0000000069f267d1:   28 8b 51 28 48 8d 79 20 3b f2 73 0a 48 8b 47 10
0x0000000069f267e1:   48 8b 1c f0 eb 02 33 db 48 83 e3 fe 48 8b 43 08
0x0000000069f267f1:   48 83 38 00 75 34 8b 43 28 3b c2 73 0c 8b c8 48
0x0000000069f26801:   8b 47 10 48 8b 1c c8 eb 02 33 db 48 83 e3 fe 48 


Register to memory mapping:

RAX=0x0000000000000000 is an unknown value
RBX=0x0000000059689cc0 is an unknown value
RCX=0x000000005806c210 is pointing into the stack for thread: 0x000000005654f800
RDX=0x0000000000002000 is an unknown value
RSP=0x000000005806bc90 is pointing into the stack for thread: 0x000000005654f800
RBP=0x000000005b6bd568 is an unknown value
RSI=0x0000000000000000 is an unknown value
RDI=0x000000005806c230 is pointing into the stack for thread: 0x000000005654f800
R8 =0x00000000567b3d71 is an unknown value
R9 =0x0000000000000000 is an unknown value
R10=0xffffffffffffffff is an unknown value
R11=0x0000000000000008 is an unknown value
R12=0x00000000567b3d70 is an unknown value
R13=0x0000000000000001 is an unknown value
R14=0x000000005ab15d58 is an unknown value
R15=0x0000000000000020 is an unknown value


Stack: [0x0000000057f70000,0x0000000058070000],  sp=0x000000005806bc90,  free space=1007k
Native frames: (J=compiled Java code, j=interpreted, Vv=VM code, C=native code)
V  [jvm.dll+0x4867f1]
V  [jvm.dll+0x48ab10]
V  [jvm.dll+0x48bc88]
V  [jvm.dll+0x48dc1b]
V  [jvm.dll+0x43e852]
V  [jvm.dll+0x43fef2]
V  [jvm.dll+0x423242]
V  [jvm.dll+0x80b29]
V  [jvm.dll+0x8145f]
V  [jvm.dll+0x21be7f]
V  [jvm.dll+0x26c13a]
C  [msvcr100.dll+0x21d9f]
C  [msvcr100.dll+0x21e3b]
C  [kernel32.dll+0x1652d]
C  [ntdll.dll+0x2c521]


Current CompileTask:
C2:   4176 1850       4       com.android.dx.dex.code.OutputFinisher::getAllConstants (47 bytes)


---------------  P R O C E S S  ---------------

Java Threads: ( => current thread )
  0x00000000567f9000 JavaThread "pool-1-thread-1" [_thread_in_Java, id=1348, stack(0x00000000575f0000,0x00000000576f0000)]
  0x00000000565c4000 JavaThread "Service Thread" daemon [_thread_blocked, id=7132, stack(0x00000000583f0000,0x00000000584f0000)]
  0x0000000056551800 JavaThread "C1 CompilerThread3" daemon [_thread_blocked, id=5756, stack(0x00000000582c0000,0x00000000583c0000)]
  0x0000000056550800 JavaThread "C2 CompilerThread2" daemon [_thread_in_native, id=3104, stack(0x0000000058160000,0x0000000058260000)]
=>0x000000005654f800 JavaThread "C2 CompilerThread1" daemon [_thread_in_native, id=6688, stack(0x0000000057f70000,0x0000000058070000)]
  0x0000000056549000 JavaThread "C2 CompilerThread0" daemon [_thread_blocked, id=6196, stack(0x0000000057df0000,0x0000000057ef0000)]
  0x0000000056548000 JavaThread "Attach Listener" daemon [_thread_blocked, id=3412, stack(0x0000000057cb0000,0x0000000057db0000)]
  0x0000000056546000 JavaThread "Signal Dispatcher" daemon [_thread_blocked, id=5968, stack(0x0000000057ad0000,0x0000000057bd0000)]
  0x000000005538d000 JavaThread "Finalizer" daemon [_thread_blocked, id=5584, stack(0x0000000057900000,0x0000000057a00000)]
  0x0000000055386800 JavaThread "Reference Handler" daemon [_thread_blocked, id=1392, stack(0x00000000576f0000,0x00000000577f0000)]
  0x0000000001e1e000 JavaThread "main" [_thread_blocked, id=6340, stack(0x0000000002390000,0x0000000002490000)]

Other Threads:
  0x0000000056500800 VMThread [stack: 0x00000000574c0000,0x00000000575c0000] [id=2536]
  0x00000000565c6000 WatcherThread [stack: 0x0000000058630000,0x0000000058730000] [id=2124]

VM state:not at safepoint (normal execution)

VM Mutex/Monitor currently owned by a thread: None

Heap:
 PSYoungGen      total 71680K, used 5707K [0x00000000eab00000, 0x00000000f3700000, 0x0000000100000000)
  eden space 66560K, 0% used [0x00000000eab00000,0x00000000eab96c30,0x00000000eec00000)
  from space 5120K, 99% used [0x00000000eec00000,0x00000000ef0fc038,0x00000000ef100000)
  to   space 5120K, 0% used [0x00000000f3200000,0x00000000f3200000,0x00000000f3700000)
 ParOldGen       total 87552K, used 15445K [0x00000000c0000000, 0x00000000c5580000, 0x00000000eab00000)
  object space 87552K, 17% used [0x00000000c0000000,0x00000000c0f155b0,0x00000000c5580000)
 Metaspace       used 6445K, capacity 7280K, committed 7552K, reserved 1056768K
  class space    used 596K, capacity 616K, committed 640K, reserved 1048576K

Card table byte_map: [0x0000000011b20000,0x0000000011d30000] byte_map_base: 0x0000000011520000

Marking Bits: (ParMarkBitMap*) 0x000000006a2618f0
 Begin Bits: [0x00000000127a0000, 0x00000000137a0000)
 End Bits:   [0x00000000137a0000, 0x00000000147a0000)

Polling page: 0x0000000000430000

CodeCache: size=245760Kb used=7180Kb max_used=7187Kb free=238579Kb
 bounds [0x0000000002760000, 0x0000000002e70000, 0x0000000011760000]
 total_blobs=2167 nmethods=1898 adapters=182
 compilation: enabled

Compilation events (10 events):
Event: 4.101 Thread 0x0000000056551800 nmethod 1947 0x0000000002e34690 code [0x0000000002e34820, 0x0000000002e34bc8]
Event: 4.101 Thread 0x0000000056551800 1948       3       com.android.dx.dex.code.InsnFormat::unsignedFitsInByte (15 bytes)
Event: 4.102 Thread 0x0000000056551800 nmethod 1948 0x0000000002e2bfd0 code [0x0000000002e2c120, 0x0000000002e2c2b0]
Event: 4.102 Thread 0x0000000056551800 1949       3       com.android.dx.dex.code.PositionList::make (224 bytes)
Event: 4.103 Thread 0x0000000056549000 nmethod 1937% 0x0000000002e32a10 code [0x0000000002e32b60, 0x0000000002e32f78]
Event: 4.103 Thread 0x0000000056549000 1944       4       com.android.dx.rop.type.Type::isCategory2 (36 bytes)
Event: 4.103 Thread 0x0000000056549000 nmethod 1944 0x0000000002da6050 code [0x0000000002da6180, 0x0000000002da61f8]
Event: 4.103 Thread 0x0000000056549000 1825       4       com.android.dx.rop.code.RegisterSpec::getType (10 bytes)
Event: 4.104 Thread 0x0000000056551800 nmethod 1949 0x0000000002e4b150 code [0x0000000002e4b440, 0x0000000002e4cec8]
Event: 4.105 Thread 0x0000000056551800 1950       3       com.android.dx.dex.file.TypeIdsSection::get (71 bytes)

GC Heap History (6 events):
Event: 1.250 GC heap before
{Heap before GC invocations=1 (full 0):
 PSYoungGen      total 38400K, used 33280K [0x00000000eab00000, 0x00000000ed580000, 0x0000000100000000)
  eden space 33280K, 100% used [0x00000000eab00000,0x00000000ecb80000,0x00000000ecb80000)
  from space 5120K, 0% used [0x00000000ed080000,0x00000000ed080000,0x00000000ed580000)
  to   space 5120K, 0% used [0x00000000ecb80000,0x00000000ecb80000,0x00000000ed080000)
 ParOldGen       total 87552K, used 0K [0x00000000c0000000, 0x00000000c5580000, 0x00000000eab00000)
  object space 87552K, 0% used [0x00000000c0000000,0x00000000c0000000,0x00000000c5580000)
 Metaspace       used 5869K, capacity 6832K, committed 7040K, reserved 1056768K
  class space    used 576K, capacity 616K, committed 640K, reserved 1048576K
Event: 1.271 GC heap after
Heap after GC invocations=1 (full 0):
 PSYoungGen      total 38400K, used 5109K [0x00000000eab00000, 0x00000000ef600000, 0x0000000100000000)
  eden space 33280K, 0% used [0x00000000eab00000,0x00000000eab00000,0x00000000ecb80000)
  from space 5120K, 99% used [0x00000000ecb80000,0x00000000ed07d650,0x00000000ed080000)
  to   space 5120K, 0% used [0x00000000ef100000,0x00000000ef100000,0x00000000ef600000)
 ParOldGen       total 87552K, used 1218K [0x00000000c0000000, 0x00000000c5580000, 0x00000000eab00000)
  object space 87552K, 1% used [0x00000000c0000000,0x00000000c01309b0,0x00000000c5580000)
 Metaspace       used 5869K, capacity 6832K, committed 7040K, reserved 1056768K
  class space    used 576K, capacity 616K, committed 640K, reserved 1048576K
}
Event: 1.761 GC heap before
{Heap before GC invocations=2 (full 0):
 PSYoungGen      total 38400K, used 38389K [0x00000000eab00000, 0x00000000ef600000, 0x0000000100000000)
  eden space 33280K, 100% used [0x00000000eab00000,0x00000000ecb80000,0x00000000ecb80000)
  from space 5120K, 99% used [0x00000000ecb80000,0x00000000ed07d650,0x00000000ed080000)
  to   space 5120K, 0% used [0x00000000ef100000,0x00000000ef100000,0x00000000ef600000)
 ParOldGen       total 87552K, used 1218K [0x00000000c0000000, 0x00000000c5580000, 0x00000000eab00000)
  object space 87552K, 1% used [0x00000000c0000000,0x00000000c01309b0,0x00000000c5580000)
 Metaspace       used 6063K, capacity 7024K, committed 7296K, reserved 1056768K
  class space    used 577K, capacity 616K, committed 640K, reserved 1048576K
Event: 1.779 GC heap after
Heap after GC invocations=2 (full 0):
 PSYoungGen      total 71680K, used 5088K [0x00000000eab00000, 0x00000000ef600000, 0x0000000100000000)
  eden space 66560K, 0% used [0x00000000eab00000,0x00000000eab00000,0x00000000eec00000)
  from space 5120K, 99% used [0x00000000ef100000,0x00000000ef5f8048,0x00000000ef600000)
  to   space 5120K, 0% used [0x00000000eec00000,0x00000000eec00000,0x00000000ef100000)
 ParOldGen       total 87552K, used 5033K [0x00000000c0000000, 0x00000000c5580000, 0x00000000eab00000)
  object space 87552K, 5% used [0x00000000c0000000,0x00000000c04ea418,0x00000000c5580000)
 Metaspace       used 6063K, capacity 7024K, committed 7296K, reserved 1056768K
  class space    used 577K, capacity 616K, committed 640K, reserved 1048576K
}
Event: 3.488 GC heap before
{Heap before GC invocations=3 (full 0):
 PSYoungGen      total 71680K, used 71648K [0x00000000eab00000, 0x00000000ef600000, 0x0000000100000000)
  eden space 66560K, 100% used [0x00000000eab00000,0x00000000eec00000,0x00000000eec00000)
  from space 5120K, 99% used [0x00000000ef100000,0x00000000ef5f8048,0x00000000ef600000)
  to   space 5120K, 0% used [0x00000000eec00000,0x00000000eec00000,0x00000000ef100000)
 ParOldGen       total 87552K, used 5033K [0x00000000c0000000, 0x00000000c5580000, 0x00000000eab00000)
  object space 87552K, 5% used [0x00000000c0000000,0x00000000c04ea418,0x00000000c5580000)
 Metaspace       used 6387K, capacity 7216K, committed 7296K, reserved 1056768K
  class space    used 593K, capacity 616K, committed 640K, reserved 1048576K
Event: 4.084 GC heap after
Heap after GC invocations=3 (full 0):
 PSYoungGen      total 71680K, used 5104K [0x00000000eab00000, 0x00000000f3700000, 0x0000000100000000)
  eden space 66560K, 0% used [0x00000000eab00000,0x00000000eab00000,0x00000000eec00000)
  from space 5120K, 99% used [0x00000000eec00000,0x00000000ef0fc038,0x00000000ef100000)
  to   space 5120K, 0% used [0x00000000f3200000,0x00000000f3200000,0x00000000f3700000)
 ParOldGen       total 87552K, used 15445K [0x00000000c0000000, 0x00000000c5580000, 0x00000000eab00000)
  object space 87552K, 17% used [0x00000000c0000000,0x00000000c0f155b0,0x00000000c5580000)
 Metaspace       used 6387K, capacity 7216K, committed 7296K, reserved 1056768K
  class space    used 593K, capacity 616K, committed 640K, reserved 1048576K
}

Deoptimization events (10 events):
Event: 2.896 Thread 0x00000000567f9000 Uncommon trap: reason=class_check action=maybe_recompile pc=0x0000000002bcbaf8 method=java.util.HashMap.putVal(ILjava/lang/Object;Ljava/lang/Object;ZZ)Ljava/lang/Object; @ 203
Event: 2.896 Thread 0x00000000567f9000 Uncommon trap: reason=bimorphic action=maybe_recompile pc=0x00000000029c0020 method=java.util.HashMap.getNode(ILjava/lang/Object;)Ljava/util/HashMap$Node; @ 126
Event: 2.896 Thread 0x00000000567f9000 Uncommon trap: reason=bimorphic action=maybe_recompile pc=0x0000000002a58ed0 method=java.util.HashMap.getNode(ILjava/lang/Object;)Ljava/util/HashMap$Node; @ 126
Event: 2.898 Thread 0x00000000567f9000 Uncommon trap: reason=class_check action=maybe_recompile pc=0x0000000002bb0c2c method=java.util.HashMap.putVal(ILjava/lang/Object;Ljava/lang/Object;ZZ)Ljava/lang/Object; @ 203
Event: 2.899 Thread 0x00000000567f9000 Uncommon trap: reason=class_check action=maybe_recompile pc=0x0000000002bb0c2c method=java.util.HashMap.putVal(ILjava/lang/Object;Ljava/lang/Object;ZZ)Ljava/lang/Object; @ 203
Event: 2.899 Thread 0x00000000567f9000 Uncommon trap: reason=class_check action=maybe_recompile pc=0x0000000002bb0c2c method=java.util.HashMap.putVal(ILjava/lang/Object;Ljava/lang/Object;ZZ)Ljava/lang/Object; @ 203
Event: 3.488 Thread 0x00000000567f9000 Uncommon trap: reason=speculate_class_check action=maybe_recompile pc=0x0000000002ac1ae0 method=com.android.dx.util.FixedSizeList.equals(Ljava/lang/Object;)Z @ 25
Event: 3.488 Thread 0x00000000567f9000 Uncommon trap: reason=speculate_class_check action=maybe_recompile pc=0x0000000002ac1ae0 method=com.android.dx.util.FixedSizeList.equals(Ljava/lang/Object;)Z @ 25
Event: 3.488 Thread 0x00000000567f9000 Uncommon trap: reason=speculate_class_check action=maybe_recompile pc=0x0000000002ac1ae0 method=com.android.dx.util.FixedSizeList.equals(Ljava/lang/Object;)Z @ 25
Event: 3.488 Thread 0x00000000567f9000 Uncommon trap: reason=speculate_class_check action=maybe_recompile pc=0x0000000002ac1ae0 method=com.android.dx.util.FixedSizeList.equals(Ljava/lang/Object;)Z @ 25

Internal exceptions (4 events):
Event: 0.042 Thread 0x0000000001e1e000 Exception <a 'java/lang/NoSuchMethodError': Method sun.misc.Unsafe.defineClass(Ljava/lang/String;[BII)Ljava/lang/Class; name or signature does not match> (0x00000000eab07c78) thrown at [C:\src\android\AOSP-openjdk\external\jetbrains\jdk\hotspot\src\share\vW®X½ú¨¥?
Event: 0.042 Thread 0x0000000001e1e000 Exception <a 'java/lang/NoSuchMethodError': Method sun.misc.Unsafe.prefetchRead(Ljava/lang/Object;J)V name or signature does not match> (0x00000000eab07f60) thrown at [C:\src\android\AOSP-openjdk\external\jetbrains\jdk\hotspot\src\share\vm\prims\jni.cpp, láLÝoÐ›ó?
Event: 1.226 Thread 0x0000000001e1e000 Implicit null exception at 0x0000000002af9ae7 to 0x0000000002afb19d
Event: 1.226 Thread 0x0000000001e1e000 Implicit null exception at 0x0000000002aaa363 to 0x0000000002aab71d

Events (10 events):
Event: 3.488 Thread 0x00000000567f9000 DEOPT UNPACKING pc=0x00000000027a556a sp=0x00000000576ee980 mode 2
Event: 3.488 Thread 0x00000000567f9000 Uncommon trap: trap_request=0xffffff76 fr.pc=0x0000000002ac1ae0
Event: 3.488 Thread 0x00000000567f9000 DEOPT PACKING pc=0x0000000002ac1ae0 sp=0x00000000576ee9c0
Event: 3.488 Thread 0x00000000567f9000 DEOPT UNPACKING pc=0x00000000027a556a sp=0x00000000576ee980 mode 2
Event: 3.488 loading class com/android/dx/dex/code/CatchTable$Entry
Event: 3.488 loading class com/android/dx/dex/code/CatchTable$Entry done
Event: 3.488 Executing VM operation: ParallelGCFailedAllocation
Event: 4.084 Executing VM operation: ParallelGCFailedAllocation done
Event: 4.087 loading class com/android/dx/util/ByteArrayAnnotatedOutput
Event: 4.087 loading class com/android/dx/util/ByteArrayAnnotatedOutput done


Dynamic libraries:
0x000000013fc20000 - 0x000000013fc51000 	C:\Program Files\Android\Android Studio\jre\bin\java.exe
0x0000000077920000 - 0x0000000077ac9000 	C:\Windows\SYSTEM32\ntdll.dll
0x000007feeea10000 - 0x000007feeea43000 	C:\Program Files\AVAST Software\Avast\x64\aswhooka.dll
0x0000000077700000 - 0x000000007781f000 	C:\Windows\system32\kernel32.dll
0x000007fefdbd0000 - 0x000007fefdc3b000 	C:\Windows\system32\KERNELBASE.dll
0x000007fefe430000 - 0x000007fefe50b000 	C:\Windows\system32\ADVAPI32.dll
0x000007fefe280000 - 0x000007fefe31f000 	C:\Windows\system32\msvcrt.dll
0x000007fefdf90000 - 0x000007fefdfaf000 	C:\Windows\SYSTEM32\sechost.dll
0x000007feffad0000 - 0x000007feffbfd000 	C:\Windows\system32\RPCRT4.dll
0x0000000077820000 - 0x000000007791a000 	C:\Windows\system32\USER32.dll
0x000007fefe320000 - 0x000007fefe387000 	C:\Windows\system32\GDI32.dll
0x000007feff940000 - 0x000007feff94e000 	C:\Windows\system32\LPK.dll
0x000007feff870000 - 0x000007feff939000 	C:\Windows\system32\USP10.dll
0x000007fefbf60000 - 0x000007fefc154000 	C:\Windows\WinSxS\amd64_microsoft.windows.common-controls_6595b64144ccf1df_6.0.7601.17514_none_fa396087175ac9ac\COMCTL32.dll
0x000007fefe530000 - 0x000007fefe5a1000 	C:\Windows\system32\SHLWAPI.dll
0x000007feffc00000 - 0x000007feffc2e000 	C:\Windows\system32\IMM32.DLL
0x000007fefe170000 - 0x000007fefe279000 	C:\Windows\system32\MSCTF.dll
0x000007fefd830000 - 0x000007fefd86f000 	C:\Windows\system32\nvinitx.dll
0x000000006f1f0000 - 0x000000006f2c2000 	C:\Program Files\Android\Android Studio\jre\jre\bin\msvcr100.dll
0x0000000069aa0000 - 0x000000006a2dc000 	C:\Program Files\Android\Android Studio\jre\jre\bin\server\jvm.dll
0x000007fef1820000 - 0x000007fef1829000 	C:\Windows\system32\WSOCK32.dll
0x000007fefdf40000 - 0x000007fefdf8d000 	C:\Windows\system32\WS2_32.dll
0x000007fefe6e0000 - 0x000007fefe6e8000 	C:\Windows\system32\NSI.dll
0x000007fef5e60000 - 0x000007fef5e9b000 	C:\Windows\system32\WINMM.dll
0x000007fefc900000 - 0x000007fefc90c000 	C:\Windows\system32\VERSION.dll
0x0000000077af0000 - 0x0000000077af7000 	C:\Windows\system32\PSAPI.DLL
0x000007fefc180000 - 0x000007fefc18f000 	C:\Program Files\Android\Android Studio\jre\jre\bin\verify.dll
0x000007fefb280000 - 0x000007fefb2a9000 	C:\Program Files\Android\Android Studio\jre\jre\bin\java.dll
0x000007fefb260000 - 0x000007fefb276000 	C:\Program Files\Android\Android Studio\jre\jre\bin\zip.dll
0x000007fefe6f0000 - 0x000007feff478000 	C:\Windows\system32\SHELL32.dll
0x000007feff480000 - 0x000007feff683000 	C:\Windows\system32\ole32.dll
0x000007fefd870000 - 0x000007fefd87f000 	C:\Windows\system32\profapi.dll
0x000007fefbcd0000 - 0x000007fefbdf5000 	C:\Windows\system32\dbghelp.dll

VM Arguments:
jvm_args: -Djava.awt.headless=true -Xmx1024M -Dfile.encoding=windows-1252 -Duser.country=US -Duser.language=en -Duser.variant 
java_command: com.android.dx.command.Main --dex --force-jumbo --num-threads=4 --multi-dex --output D:\PimProsApp\PimProsApp\platforms\PimpPros\build\intermediates\transforms\dex\debug\folders\1000\10\internal_impl-24.1.1_c60049feb2c9f0ed8c5a6eb896002bce630987fa C:\Users\Qasim\.android\build-cache\c8488a9ab9ce6c5f880c3063189fd2662ef22e64\output\jars\libs\internal_impl-24.1.1.jar
java_class_path (initial): C:\Users\Qasim\AppData\Local\Android\sdk\build-tools\25.0.2\lib\dx.jar
Launcher Type: SUN_STANDARD

Environment Variables:
PATH=C:\Program Files (x86)\NVIDIA Corporation\PhysX\Common;C:\Windows\system32;C:\Windows;C:\Windows\System32\Wbem;C:\Windows\System32\WindowsPowerShell\v1.0\
USERNAME=Qasim
OS=Windows_NT
PROCESSOR_IDENTIFIER=Intel64 Family 6 Model 42 Stepping 7, GenuineIntel



---------------  S Y S T E M  ---------------

OS: Windows 7 , 64 bit Build 7601 (6.1.7601.17514)

CPU:total 8 (4 cores per cpu, 2 threads per core) family 6 model 42 stepping 7, cmov, cx8, fxsr, mmx, sse, sse2, sse3, ssse3, sse4.1, sse4.2, popcnt, avx, aes, clmul, ht, tsc, tscinvbit

Memory: 4k page, physical 8300688k(3577404k free), swap 16599532k(9999288k free)

vm_info: OpenJDK 64-Bit Server VM (25.112-b06) for windows-amd64 JRE (1.8.0_112-release-b06), built on Dec  8 2016 00:54:26 by "builder" with MS VC++ 10.0 (VS2010)

time: Sat Apr 08 21:30:26 2017
elapsed time: 4 seconds (0d 0h 0m 4s)

